<?xml version="1.0" encoding="UTF-8"?>
<coverage generated="1727684550217" clover="3.2.0">
  <project timestamp="1727684550217" name="All files">
    <metrics statements="20" coveredstatements="20" conditionals="6" coveredconditionals="4" methods="6" coveredmethods="6" elements="32" coveredelements="30" complexity="0" loc="20" ncloc="20" packages="2" files="4" classes="4"/>
    <package name="jest-test">
      <metrics statements="2" coveredstatements="2" conditionals="0" coveredconditionals="0" methods="1" coveredmethods="1"/>
      <file name="sum.js" path="/Users/yutoseki/develop/work/tests/jest-test/sum.js">
        <metrics statements="2" coveredstatements="2" conditionals="0" coveredconditionals="0" methods="1" coveredmethods="1"/>
        <line num="2" count="1" type="stmt"/>
        <line num="4" count="1" type="stmt"/>
      </file>
    </package>
    <package name="jest-test.src">
      <metrics statements="18" coveredstatements="18" conditionals="6" coveredconditionals="4" methods="5" coveredmethods="5"/>
      <file name="api.ts" path="/Users/yutoseki/develop/work/tests/jest-test/src/api.ts">
        <metrics statements="3" coveredstatements="3" conditionals="0" coveredconditionals="0" methods="1" coveredmethods="1"/>
        <line num="1" count="1" type="stmt"/>
        <line num="2" count="2" type="stmt"/>
        <line num="3" count="1" type="stmt"/>
      </file>
      <file name="lambda.ts" path="/Users/yutoseki/develop/work/tests/jest-test/src/lambda.ts">
        <metrics statements="11" coveredstatements="11" conditionals="6" coveredconditionals="4" methods="2" coveredmethods="2"/>
        <line num="3" count="2" type="stmt"/>
        <line num="6" count="5" type="stmt"/>
        <line num="7" count="5" type="stmt"/>
        <line num="9" count="5" type="stmt"/>
        <line num="10" count="5" type="stmt"/>
        <line num="12" count="5" type="stmt"/>
        <line num="13" count="5" type="stmt"/>
        <line num="14" count="3" type="cond" truecount="4" falsecount="2"/>
        <line num="17" count="3" type="stmt"/>
        <line num="19" count="2" type="stmt"/>
        <line num="24" count="3" type="stmt"/>
      </file>
      <file name="math.ts" path="/Users/yutoseki/develop/work/tests/jest-test/src/math.ts">
        <metrics statements="4" coveredstatements="4" conditionals="0" coveredconditionals="0" methods="2" coveredmethods="2"/>
        <line num="1" count="1" type="stmt"/>
        <line num="2" count="1" type="stmt"/>
        <line num="5" count="1" type="stmt"/>
        <line num="6" count="1" type="stmt"/>
      </file>
    </package>
  </project>
</coverage>
