TN:
SF:sum.js
FN:1,sum
FNF:1
FNH:1
FNDA:1,sum
DA:2,1
DA:4,1
LF:2
LH:2
BRF:0
BRH:0
end_of_record
TN:
SF:src/api.ts
FN:1,fetchData
FNF:1
FNH:1
FNDA:2,fetchData
DA:1,1
DA:2,2
DA:3,1
LF:3
LH:3
BRF:0
BRH:0
end_of_record
TN:
SF:src/lambda.ts
FN:6,(anonymous_7)
FN:6,(anonymous_8)
FNF:2
FNH:2
FNDA:5,(anonymous_7)
FNDA:5,(anonymous_8)
DA:3,2
DA:6,5
DA:7,5
DA:9,5
DA:10,5
DA:12,5
DA:13,5
DA:14,3
DA:17,3
DA:19,2
DA:24,3
LF:11
LH:11
BRDA:14,0,0,3
BRDA:14,0,1,0
BRDA:14,1,0,0
BRDA:14,1,1,3
BRDA:14,2,0,3
BRDA:14,2,1,3
BRF:6
BRH:4
end_of_record
TN:
SF:src/math.ts
FN:1,add
FN:5,subtract
FNF:2
FNH:2
FNDA:1,add
FNDA:1,subtract
DA:1,1
DA:2,1
DA:5,1
DA:6,1
LF:4
LH:4
BRF:0
BRH:0
end_of_record
